Removed Member From Class: ClassName=Gate Member=NetD7_1
Removed Member From Class: ClassName=Gate Member=NetD8_1
Removed Member From Class: ClassName=Gate Member=NetD11_1
Removed Member From Class: ClassName=Gate Member=NetD12_1
Change Component Designator: OldDesignator=C9 NewDesignator=C1
Change Component Designator: OldDesignator=C11 NewDesignator=C2
Change Component Designator: OldDesignator=C12 NewDesignator=C3
Change Component Designator: OldDesignator=C13 NewDesignator=C4
Change Component Designator: OldDesignator=C14 NewDesignator=C5
Change Component Designator: OldDesignator=C15 NewDesignator=C6
Change Component Designator: OldDesignator=C16 NewDesignator=C7
Change Component Designator: OldDesignator=D7 NewDesignator=D1
Change Component Designator: OldDesignator=D8 NewDesignator=D2
Change Component Designator: OldDesignator=D9 NewDesignator=D3
Change Component Designator: OldDesignator=D10 NewDesignator=D4
Change Component Designator: OldDesignator=D11 NewDesignator=D5
Change Component Designator: OldDesignator=D12 NewDesignator=D6
Change Component Designator: OldDesignator=P7 NewDesignator=P1
Change Component Designator: OldDesignator=P8 NewDesignator=P4
Change Component Designator: OldDesignator=P9 NewDesignator=P3
Change Component Designator: OldDesignator=P12 NewDesignator=P6
Change Component Designator: OldDesignator=P13 NewDesignator=P5
Change Component Designator: OldDesignator=P? NewDesignator=P7
Change Component Designator: OldDesignator=Q13 NewDesignator=Q1
Change Component Designator: OldDesignator=Q14 NewDesignator=Q2
Change Component Designator: OldDesignator=Q15 NewDesignator=Q3
Change Component Designator: OldDesignator=Q16 NewDesignator=Q4
Change Component Designator: OldDesignator=R13 NewDesignator=R1
Change Component Designator: OldDesignator=R14 NewDesignator=R2
Change Component Designator: OldDesignator=R15 NewDesignator=R3
Change Component Designator: OldDesignator=R17 NewDesignator=R4
Change Component Designator: OldDesignator=R19 NewDesignator=R5
Change Component Designator: OldDesignator=R20 NewDesignator=R6
Change Component Designator: OldDesignator=R21 NewDesignator=R7
Change Component Designator: OldDesignator=R24 NewDesignator=R8
Change Component Designator: OldDesignator=U3 NewDesignator=U1
Change Component Designator: OldDesignator=U4 NewDesignator=U2
Added Component: Designator=P2(HDR1X2)
Added Pin To Net: NetName=LEFT_OUT Pin=P2-1
Added Pin To Net: NetName=RIGHT_OUT Pin=P2-2
Change Net Name : Old Net Name=NetC11_2 New Net Name=NetC2_2
Change Net Name : Old Net Name=NetC12_2 New Net Name=NetC3_2
Change Net Name : Old Net Name=NetC13_2 New Net Name=NetC4_2
Change Net Name : Old Net Name=NetC14_2 New Net Name=NetC5_2
Change Net Name : Old Net Name=NetC15_2 New Net Name=NetC6_2
Change Net Name : Old Net Name=NetC16_2 New Net Name=NetC7_2
Change Net Name : Old Net Name=NetD7_1 New Net Name=NetD1_1
Change Net Name : Old Net Name=NetD8_1 New Net Name=NetD2_1
Change Net Name : Old Net Name=NetD11_1 New Net Name=NetD5_1
Change Net Name : Old Net Name=NetD12_1 New Net Name=NetD6_1
Added Member To Class: ClassName=Driver Board Simplified Member=Component P2 Header 2
Added Member To Class: ClassName=Gate Member=Wire NetD1_1
Added Member To Class: ClassName=Gate Member=Wire NetD2_1
Added Member To Class: ClassName=Gate Member=Wire NetD5_1
Added Member To Class: ClassName=Gate Member=Wire NetD6_1
Added Room: Name=Driver Board Simplified
