Added Component: Designator=C9(100mil CAP - 80mil pad)
Added Component: Designator=C10(100mil CAP - 80mil pad)
Added Component: Designator=C11(Ceramic Cap - 80mil pad)
Added Component: Designator=C12(Ceramic Cap - 80mil pad)
Added Component: Designator=C13(Ceramic Cap - 80mil pad)
Added Component: Designator=C14(Ceramic Cap - 80mil pad)
Added Component: Designator=C15(Ceramic Cap - 80mil pad)
Added Component: Designator=C16(Ceramic Cap - 80mil pad)
Added Component: Designator=D7(DO-35)
Added Component: Designator=D8(DO-35)
Added Component: Designator=D9(DO-204AL)
Added Component: Designator=D10(DO-204AL)
Added Component: Designator=D11(DO-35)
Added Component: Designator=D12(DO-35)
Added Component: Designator=P7(HDR1X3)
Added Component: Designator=P8(HDR1X2)
Added Component: Designator=P9(HDR1X3)
Added Component: Designator=P10(HDR1X2)
Added Component: Designator=P11(HDR1X4)
Added Component: Designator=P12(HDR1X4)
Added Component: Designator=Q13(E3)
Added Component: Designator=Q14(E3)
Added Component: Designator=Q15(E3)
Added Component: Designator=Q16(E3)
Added Component: Designator=R13(Resistor 300MIL - 80mil pad)
Added Component: Designator=R14(Resistor 300MIL - 80mil pad)
Added Component: Designator=R15(Resistor 300MIL - 80mil pad)
Added Component: Designator=R16(6-0805_M)
Added Component: Designator=R17(Resistor 300MIL - 80mil pad)
Added Component: Designator=R18(6-0805_M)
Added Component: Designator=R19(Resistor 300MIL - 80mil pad)
Added Component: Designator=R20(Resistor 300MIL - 80mil pad)
Added Component: Designator=R21(Resistor 300MIL - 80mil pad)
Added Component: Designator=R22(6-0805_M)
Added Component: Designator=R23(6-0805_M)
Added Component: Designator=R24(Resistor 300MIL - 80mil pad)
Added Component: Designator=U3(SO8_N)
Added Component: Designator=U4(SO8_N)
Added Pin To Net: NetName=12V Pin=C9-1
Added Pin To Net: NetName=GND Pin=C9-2
Added Pin To Net: NetName=12V Pin=C10-1
Added Pin To Net: NetName=GND Pin=C10-2
Added Pin To Net: NetName=HV Pin=C11-1
Added Pin To Net: NetName=NetC11_2 Pin=C11-2
Added Pin To Net: NetName=HV Pin=C12-1
Added Pin To Net: NetName=NetC12_2 Pin=C12-2
Added Pin To Net: NetName=LEFT_OUT Pin=C13-1
Added Pin To Net: NetName=NetC13_2 Pin=C13-2
Added Pin To Net: NetName=RIGHT_OUT Pin=C14-1
Added Pin To Net: NetName=NetC14_2 Pin=C14-2
Added Pin To Net: NetName=LEFT_OUT Pin=C15-1
Added Pin To Net: NetName=NetC15_2 Pin=C15-2
Added Pin To Net: NetName=RIGHT_OUT Pin=C16-1
Added Pin To Net: NetName=NetC16_2 Pin=C16-2
Added Pin To Net: NetName=NetD7_1 Pin=D7-1
Added Pin To Net: NetName=NetD7_2 Pin=D7-2
Added Pin To Net: NetName=NetD8_1 Pin=D8-1
Added Pin To Net: NetName=NetD8_2 Pin=D8-2
Added Pin To Net: NetName=12V Pin=D9-1
Added Pin To Net: NetName=NetC13_2 Pin=D9-2
Added Pin To Net: NetName=12V Pin=D10-1
Added Pin To Net: NetName=NetC14_2 Pin=D10-2
Added Pin To Net: NetName=NetD11_1 Pin=D11-1
Added Pin To Net: NetName=NetD11_2 Pin=D11-2
Added Pin To Net: NetName=NetD12_1 Pin=D12-1
Added Pin To Net: NetName=NetD12_2 Pin=D12-2
Added Pin To Net: NetName=GND Pin=P7-1
Added Pin To Net: NetName=LIN_LEFT Pin=P7-2
Added Pin To Net: NetName=HIN_LEFT Pin=P7-3
Added Pin To Net: NetName=LEFT_OUT Pin=P8-1
Added Pin To Net: NetName=RIGHT_OUT Pin=P8-2
Added Pin To Net: NetName=GND Pin=P9-1
Added Pin To Net: NetName=LIN_RIGHT Pin=P9-2
Added Pin To Net: NetName=HIN_RIGHT Pin=P9-3
Added Pin To Net: NetName=HV Pin=P10-1
Added Pin To Net: NetName=GND Pin=P10-2
Added Pin To Net: NetName=12V Pin=P11-1
Added Pin To Net: NetName=12V Pin=P11-2
Added Pin To Net: NetName=12V Pin=P11-3
Added Pin To Net: NetName=12V Pin=P11-4
Added Pin To Net: NetName=GND Pin=P12-1
Added Pin To Net: NetName=GND Pin=P12-2
Added Pin To Net: NetName=GND Pin=P12-3
Added Pin To Net: NetName=GND Pin=P12-4
Added Pin To Net: NetName=HV Pin=Q13-1
Added Pin To Net: NetName=NetD7_1 Pin=Q13-2
Added Pin To Net: NetName=LEFT_OUT Pin=Q13-3
Added Pin To Net: NetName=HV Pin=Q14-1
Added Pin To Net: NetName=NetD8_1 Pin=Q14-2
Added Pin To Net: NetName=RIGHT_OUT Pin=Q14-3
Added Pin To Net: NetName=LEFT_OUT Pin=Q15-1
Added Pin To Net: NetName=NetD11_1 Pin=Q15-2
Added Pin To Net: NetName=GND Pin=Q15-3
Added Pin To Net: NetName=RIGHT_OUT Pin=Q16-1
Added Pin To Net: NetName=NetD12_1 Pin=Q16-2
Added Pin To Net: NetName=GND Pin=Q16-3
Added Pin To Net: NetName=NetD7_2 Pin=R13-1
Added Pin To Net: NetName=NetD7_1 Pin=R13-2
Added Pin To Net: NetName=NetD8_2 Pin=R14-1
Added Pin To Net: NetName=NetD8_1 Pin=R14-2
Added Pin To Net: NetName=NetC11_2 Pin=R15-1
Added Pin To Net: NetName=LEFT_OUT Pin=R15-2
Added Pin To Net: NetName=LEFT_OUT Pin=R16-1
Added Pin To Net: NetName=NetD7_1 Pin=R16-2
Added Pin To Net: NetName=NetC12_2 Pin=R17-1
Added Pin To Net: NetName=RIGHT_OUT Pin=R17-2
Added Pin To Net: NetName=RIGHT_OUT Pin=R18-1
Added Pin To Net: NetName=NetD8_1 Pin=R18-2
Added Pin To Net: NetName=NetD11_2 Pin=R19-1
Added Pin To Net: NetName=NetD11_1 Pin=R19-2
Added Pin To Net: NetName=NetD12_2 Pin=R20-1
Added Pin To Net: NetName=NetD12_1 Pin=R20-2
Added Pin To Net: NetName=NetC15_2 Pin=R21-1
Added Pin To Net: NetName=GND Pin=R21-2
Added Pin To Net: NetName=GND Pin=R22-1
Added Pin To Net: NetName=NetD11_1 Pin=R22-2
Added Pin To Net: NetName=GND Pin=R23-1
Added Pin To Net: NetName=NetD12_1 Pin=R23-2
Added Pin To Net: NetName=NetC16_2 Pin=R24-1
Added Pin To Net: NetName=GND Pin=R24-2
Added Pin To Net: NetName=12V Pin=U3-1
Added Pin To Net: NetName=HIN_LEFT Pin=U3-2
Added Pin To Net: NetName=LIN_LEFT Pin=U3-3
Added Pin To Net: NetName=GND Pin=U3-4
Added Pin To Net: NetName=NetD11_2 Pin=U3-5
Added Pin To Net: NetName=NetD7_2 Pin=U3-7
Added Pin To Net: NetName=NetC13_2 Pin=U3-8
Added Pin To Net: NetName=12V Pin=U4-1
Added Pin To Net: NetName=HIN_RIGHT Pin=U4-2
Added Pin To Net: NetName=LIN_RIGHT Pin=U4-3
Added Pin To Net: NetName=GND Pin=U4-4
Added Pin To Net: NetName=NetD12_2 Pin=U4-5
Added Pin To Net: NetName=RIGHT_OUT Pin=U4-6
Added Pin To Net: NetName=NetD8_2 Pin=U4-7
Added Pin To Net: NetName=NetC14_2 Pin=U4-8
Added Member To Class: ClassName=Driver Board Simplified Member=Component C9 10uF
Added Member To Class: ClassName=Driver Board Simplified Member=Component C10 10uF
Added Member To Class: ClassName=Driver Board Simplified Member=Component C11 Ceramic Cap
Added Member To Class: ClassName=Driver Board Simplified Member=Component C12 Ceramic Cap
Added Member To Class: ClassName=Driver Board Simplified Member=Component C13 Ceramic Cap
Added Member To Class: ClassName=Driver Board Simplified Member=Component C14 Ceramic Cap
Added Member To Class: ClassName=Driver Board Simplified Member=Component C15 Ceramic Cap
Added Member To Class: ClassName=Driver Board Simplified Member=Component C16 Ceramic Cap
Added Member To Class: ClassName=Driver Board Simplified Member=Component D7 Diode 1N4148
Added Member To Class: ClassName=Driver Board Simplified Member=Component D8 Diode 1N4148
Added Member To Class: ClassName=Driver Board Simplified Member=Component D9 FR104
Added Member To Class: ClassName=Driver Board Simplified Member=Component D10 FR104
Added Member To Class: ClassName=Driver Board Simplified Member=Component D11 Diode 1N4148
Added Member To Class: ClassName=Driver Board Simplified Member=Component D12 Diode 1N4148
Added Member To Class: ClassName=Driver Board Simplified Member=Component P7 Header 3
Added Member To Class: ClassName=Driver Board Simplified Member=Component P8 Header 2
Added Member To Class: ClassName=Driver Board Simplified Member=Component P9 Header 3
Added Member To Class: ClassName=Driver Board Simplified Member=Component P10 Header 2
Added Member To Class: ClassName=Driver Board Simplified Member=Component P11 Header 4
Added Member To Class: ClassName=Driver Board Simplified Member=Component P12 Header 4
Added Member To Class: ClassName=Driver Board Simplified Member=Component Q13 MOSFET-N
Added Member To Class: ClassName=Driver Board Simplified Member=Component Q14 MOSFET-N
Added Member To Class: ClassName=Driver Board Simplified Member=Component Q15 MOSFET-N
Added Member To Class: ClassName=Driver Board Simplified Member=Component Q16 MOSFET-N
Added Member To Class: ClassName=Driver Board Simplified Member=Component R13 4R7
Added Member To Class: ClassName=Driver Board Simplified Member=Component R14 4R7
Added Member To Class: ClassName=Driver Board Simplified Member=Component R15 10k
Added Member To Class: ClassName=Driver Board Simplified Member=Component R16 10k
Added Member To Class: ClassName=Driver Board Simplified Member=Component R17 10k
Added Member To Class: ClassName=Driver Board Simplified Member=Component R18 10k
Added Member To Class: ClassName=Driver Board Simplified Member=Component R19 4R7
Added Member To Class: ClassName=Driver Board Simplified Member=Component R20 4R7
Added Member To Class: ClassName=Driver Board Simplified Member=Component R21 10k
Added Member To Class: ClassName=Driver Board Simplified Member=Component R22 10k
Added Member To Class: ClassName=Driver Board Simplified Member=Component R23 10k
Added Member To Class: ClassName=Driver Board Simplified Member=Component R24 10k
Added Member To Class: ClassName=Driver Board Simplified Member=Component U3 IR2106
Added Member To Class: ClassName=Driver Board Simplified Member=Component U4 IR2106
Added Room: Name=Driver Board Simplified
